<?xml version="1.0" encoding="UTF-8"?>
<!-- Generated by org.testng.reporters.JUnitReportReporter -->
<testsuite hostname="LAPTOP-3JRU7OQF" failures="0" tests="2" name="test.verifyBooksAdvanceSearch" time="0.000" errors="0" timestamp="2023-09-28T17:58:33 IST" skipped="2">
  <testcase classname="test.verifyBooksAdvanceSearch" name="verifyAdvanceSearch" time="0.000">
    <skipped/>
  </testcase> <!-- verifyAdvanceSearch -->
  <system-out/>
  <testcase classname="test.verifyBooksAdvanceSearch" name="verifyAdvanceSearch" time="0.000">
    <skipped/>
  </testcase> <!-- verifyAdvanceSearch -->
  <system-out/>
</testsuite> <!-- test.verifyBooksAdvanceSearch -->
