<?xml version="1.0" encoding="UTF-8"?>
<!-- Generated by org.testng.reporters.JUnitReportReporter -->
<testsuite hostname="LAPTOP-3JRU7OQF" failures="0" tests="6" name="test.testng" time="0.000" errors="0" timestamp="2022-09-25T17:33:13 IST" skipped="6">
  <testcase classname="test.testng" name="test7" time="0.000">
    <skipped/>
  </testcase> <!-- test7 -->
  <system-out/>
  <testcase classname="test.testng" name="test6" time="0.000">
    <skipped/>
  </testcase> <!-- test6 -->
  <system-out/>
  <testcase classname="test.testng" name="test6" time="0.000">
    <skipped/>
  </testcase> <!-- test6 -->
  <system-out/>
  <testcase classname="test.testng" name="test7" time="0.000">
    <skipped/>
  </testcase> <!-- test7 -->
  <system-out/>
  <testcase classname="test.testng" name="test3" time="0.000">
    <skipped/>
  </testcase> <!-- test3 -->
  <system-out/>
  <testcase classname="test.testng" name="test3" time="0.000">
    <skipped/>
  </testcase> <!-- test3 -->
  <system-out/>
</testsuite> <!-- test.testng -->
