<?xml version="1.0" encoding="UTF-8"?>
<!-- Generated by org.testng.reporters.JUnitReportReporter -->
<testsuite hostname="LAPTOP-3JRU7OQF" failures="0" tests="2" name="test.Verify_Search_MobilePage" time="0.000" errors="0" timestamp="2023-09-28T17:58:33 IST" skipped="2">
  <testcase classname="test.Verify_Search_MobilePage" name="verifyWithoutExchangeIsSelected" time="0.000">
    <skipped/>
  </testcase> <!-- verifyWithoutExchangeIsSelected -->
  <system-out/>
  <testcase classname="test.Verify_Search_MobilePage" name="verifyWithoutExchangeIsSelected" time="0.000">
    <skipped/>
  </testcase> <!-- verifyWithoutExchangeIsSelected -->
  <system-out/>
</testsuite> <!-- test.Verify_Search_MobilePage -->
